生成启动时间为 8/9/2014 11:08:33 AM。
     1>项目“F:\MyProjects\ztl_linq\ztl_linq\ztl_linq.vcxproj”在节点 2 上(Build 个目标)。
     1>ClCompile:
         E:\Program Files (x86)\Microsoft Visual C++ Compiler Nov 2013 CTP\bin\CL.exe /c /ZI /nologo /W3 /WX- /sdl /Od /Oy- /D WIN32 /D _DEBUG /D _CONSOLE /D _LIB /D _UNICODE /D UNICODE /Gm /EHsc /RTC1 /MDd /GS /fp:precise /Zc:wchar_t /Zc:forScope /Fo"Debug\\" /Fd"Debug\vc120.pdb" /Gd /TP /analyze- /errorReport:prompt main.cpp
         main.cpp
     1>f:\myprojects\ztl_linq\ztl_linq\main.cpp(157): error C2039: 'outer_join' : is not a member of 'ztl::enumerable<iterator_type>'
                 with
                 [
                     iterator_type=std::_Vector_const_iterator<std::_Vector_val<std::_Simple_types<test_outer_jion::Person>>>
                 ]
     1>f:\myprojects\ztl_linq\ztl_linq\main.cpp(169): error C2228: left of '.print_pair' must have class/struct/union
     1>已完成生成项目“F:\MyProjects\ztl_linq\ztl_linq\ztl_linq.vcxproj”(Build 个目标)的操作 - 失败。

生成失败。

已用时间 00:00:03.27
